#
# A fatal error has been detected by the Java Runtime Environment:
#
#  EXCEPTION_ACCESS_VIOLATION (0xc0000005) at pc=0x000000007788a0a5, pid=9360, tid=0x0000000000003c20
#
# JRE version: Java(TM) SE Runtime Environment (8.0_101-b13) (build 1.8.0_101-b13)
# Java VM: Java HotSpot(TM) 64-Bit Server VM (25.101-b13 mixed mode windows-amd64 compressed oops)
# Problematic frame:
# V  [jvm.dll+0x12a0a5]
#
# Failed to write core dump. Minidumps are not enabled by default on client versions of Windows
#
# If you would like to submit a bug report, please visit:
#   http://bugreport.java.com/bugreport/crash.jsp
#

---------------  T H R E A D  ---------------

Current thread (0x00000000172c9000):  JavaThread "JDWP Transport Listener: dt_socket" daemon [_thread_in_vm, id=15392, stack(0x0000000018c50000,0x0000000018d50000)]

siginfo: ExceptionCode=0xc0000005, reading address 0xffffffffffffffff

Registers:
RAX=0x0000000018d4f701, RBX=0x00000000172c9000, RCX=0x676553736f747265, RDX=0x0000000000000000
RSP=0x0000000018d4f6d0, RBP=0x676553736f747265, RSI=0x0000000018d4f7e8, RDI=0x0000000000dd8e00
R8 =0x00000000172c9000, R9 =0x0000000000000000, R10=0x0000000000000000, R11=0x0000000000000064
R12=0x0000000000000000, R13=0x00000000172d3a58, R14=0x0000000000000000, R15=0x0000000000000000
RIP=0x000000007788a0a5, EFLAGS=0x0000000000010206

Top of Stack: (sp=0x0000000018d4f6d0)
0x0000000018d4f6d0:   00000000172c9000 00000000172c9000
0x0000000018d4f6e0:   0000000018d4f798 0000000077a92f0b
0x0000000018d4f6f0:   00000000172c9000 0000000077aaf76d
0x0000000018d4f700:   0000000000000000 0000000050769155
0x0000000018d4f710:   00000000172e8c10 000000005077291e
0x0000000018d4f720:   00000000172c9000 0000000000000000
0x0000000018d4f730:   0000000000000000 0000000000000000
0x0000000018d4f740:   676553736f747265 0000000050771a15
0x0000000018d4f750:   0000000018d4f7e8 0000000018d4f7c0
0x0000000018d4f760:   0000000000000001 00000000172e8c10
0x0000000018d4f770:   676553736f747265 00000000507553b3
0x0000000018d4f780:   0000000018d4f8b0 0000000000000001
0x0000000018d4f790:   0000000000000001 00000000172e8c10
0x0000000018d4f7a0:   000000000000000a 0000000000000000
0x0000000018d4f7b0:   0000000000000000 0000000000000000
0x0000000018d4f7c0:   0000000000000001 0000000050755571 

Instructions: (pc=0x000000007788a0a5)
0x000000007788a085:   cc cc cc cc cc cc cc cc cc cc cc 48 83 ec 28 48
0x000000007788a095:   85 c9 75 07 33 c0 48 83 c4 28 c3 48 89 5c 24 20
0x000000007788a0a5:   48 8b 19 48 85 db 74 20 48 83 fb 37 74 1a 48 8b
0x000000007788a0b5:   13 48 8b cb ff 52 10 84 c0 74 0d 48 8b c3 48 8b 


Register to memory mapping:

RAX=0x0000000018d4f701 is pointing into the stack for thread: 0x00000000172c9000
RBX=0x00000000172c9000 is a thread
RCX=0x676553736f747265 is an unknown value
RDX=0x0000000000000000 is an unknown value
RSP=0x0000000018d4f6d0 is pointing into the stack for thread: 0x00000000172c9000
RBP=0x676553736f747265 is an unknown value
RSI=0x0000000018d4f7e8 is pointing into the stack for thread: 0x00000000172c9000
RDI=0x0000000000dd8e00 is an unknown value
R8 =0x00000000172c9000 is a thread
R9 =0x0000000000000000 is an unknown value
R10=0x0000000000000000 is an unknown value
R11=0x0000000000000064 is an unknown value
R12=0x0000000000000000 is an unknown value
R13=0x00000000172d3a58 is an unknown value
R14=0x0000000000000000 is an unknown value
R15=0x0000000000000000 is an unknown value


Stack: [0x0000000018c50000,0x0000000018d50000],  sp=0x0000000018d4f6d0,  free space=1021k
Native frames: (J=compiled Java code, j=interpreted, Vv=VM code, C=native code)
V  [jvm.dll+0x12a0a5]
V  [jvm.dll+0x34f76d]
C  [jdwp.dll+0x21a15]
C  [jdwp.dll+0x53b3]
C  [jdwp.dll+0x5571]
C  [jdwp.dll+0xf0a8]
C  [jdwp.dll+0x1f2d5]
C  [jdwp.dll+0x1f4aa]
V  [jvm.dll+0x1bd258]
V  [jvm.dll+0x2451a4]
V  [jvm.dll+0x29c18a]
C  [msvcr100.dll+0x21d9f]
C  [msvcr100.dll+0x21e3b]
C  [KERNEL32.DLL+0x8364]
C  [ntdll.dll+0x65e91]


---------------  P R O C E S S  ---------------

Java Threads: ( => current thread )
  0x0000000019295000 JavaThread "Service Thread" daemon [_thread_blocked, id=22472, stack(0x0000000019650000,0x0000000019750000)]
  0x00000000172ec800 JavaThread "C1 CompilerThread2" daemon [_thread_blocked, id=16984, stack(0x0000000019150000,0x0000000019250000)]
  0x00000000172eb000 JavaThread "C2 CompilerThread1" daemon [_thread_blocked, id=252, stack(0x0000000019050000,0x0000000019150000)]
  0x00000000172ea800 JavaThread "C2 CompilerThread0" daemon [_thread_blocked, id=20624, stack(0x0000000018f50000,0x0000000019050000)]
  0x00000000172db000 JavaThread "JDWP Command Reader" daemon [_thread_in_native, id=9624, stack(0x0000000018e50000,0x0000000018f50000)]
  0x00000000172d9000 JavaThread "JDWP Event Helper Thread" daemon [_thread_blocked, id=18520, stack(0x0000000018d50000,0x0000000018e50000)]
=>0x00000000172c9000 JavaThread "JDWP Transport Listener: dt_socket" daemon [_thread_in_vm, id=15392, stack(0x0000000018c50000,0x0000000018d50000)]
  0x00000000172bd000 JavaThread "Attach Listener" daemon [_thread_blocked, id=21448, stack(0x0000000018810000,0x0000000018910000)]
  0x00000000172bb800 JavaThread "Signal Dispatcher" daemon [_thread_blocked, id=19196, stack(0x0000000018710000,0x0000000018810000)]
  0x000000000274b000 JavaThread "Finalizer" daemon [_thread_blocked, id=5340, stack(0x0000000018510000,0x0000000018610000)]
  0x0000000002740000 JavaThread "Reference Handler" daemon [_thread_blocked, id=14320, stack(0x0000000018410000,0x0000000018510000)]
  0x0000000002652800 JavaThread "main" [_thread_blocked, id=6044, stack(0x0000000002550000,0x0000000002650000)]

Other Threads:
  0x0000000017288000 VMThread [stack: 0x0000000018310000,0x0000000018410000] [id=2560]
  0x00000000192b2800 WatcherThread [stack: 0x0000000019750000,0x0000000019850000] [id=22056]

VM state:not at safepoint (normal execution)

VM Mutex/Monitor currently owned by a thread: None

Heap:
 PSYoungGen      total 38400K, used 2662K [0x00000000d5c00000, 0x00000000d8680000, 0x0000000100000000)
  eden space 33280K, 8% used [0x00000000d5c00000,0x00000000d5e99a28,0x00000000d7c80000)
  from space 5120K, 0% used [0x00000000d8180000,0x00000000d8180000,0x00000000d8680000)
  to   space 5120K, 0% used [0x00000000d7c80000,0x00000000d7c80000,0x00000000d8180000)
 ParOldGen       total 87552K, used 0K [0x0000000081400000, 0x0000000086980000, 0x00000000d5c00000)
  object space 87552K, 0% used [0x0000000081400000,0x0000000081400000,0x0000000086980000)
 Metaspace       used 3440K, capacity 4614K, committed 4864K, reserved 1056768K
  class space    used 397K, capacity 430K, committed 512K, reserved 1048576K

Card table byte_map: [0x0000000011b10000,0x0000000011f10000] byte_map_base: 0x0000000011706000

Marking Bits: (ParMarkBitMap*) 0x0000000077f7a6d0
 Begin Bits: [0x00000000125c0000, 0x0000000014570000)
 End Bits:   [0x0000000014570000, 0x0000000016520000)

Polling page: 0x00000000007e0000

CodeCache: size=245760Kb used=1173Kb max_used=1173Kb free=244586Kb
 bounds [0x0000000002750000, 0x00000000029c0000, 0x0000000011750000]
 total_blobs=292 nmethods=58 adapters=155
 compilation: enabled

Compilation events (10 events):
Event: 0.282 Thread 0x00000000172ec800   54       3       java.lang.String::substring (79 bytes)
Event: 0.283 Thread 0x00000000172ec800 nmethod 54 0x0000000002873190 code [0x0000000002873360, 0x0000000002873858]
Event: 0.283 Thread 0x00000000172ec800   55       3       java.util.HashMap::newNode (13 bytes)
Event: 0.283 Thread 0x00000000172ec800 nmethod 55 0x0000000002873b10 code [0x0000000002873c80, 0x0000000002873f30]
Event: 0.283 Thread 0x00000000172ec800   56       3       java.util.HashMap::afterNodeInsertion (1 bytes)
Event: 0.283 Thread 0x00000000172ec800 nmethod 56 0x0000000002874090 code [0x00000000028741e0, 0x0000000002874330]
Event: 0.283 Thread 0x00000000172ec800   57       1       java.util.ArrayList::size (5 bytes)
Event: 0.283 Thread 0x00000000172ec800 nmethod 57 0x0000000002874390 code [0x00000000028744e0, 0x00000000028745f0]
Event: 0.284 Thread 0x00000000172ec800   58       3       java.util.concurrent.ConcurrentHashMap::spread (10 bytes)
Event: 0.284 Thread 0x00000000172ec800 nmethod 58 0x0000000002874650 code [0x00000000028747a0, 0x00000000028748f0]

GC Heap History (0 events):
No events

Deoptimization events (0 events):
No events

Internal exceptions (6 events):
Event: 0.039 Thread 0x0000000002652800 Exception <a 'java/lang/NoSuchMethodError': Method sun.misc.Unsafe.defineClass(Ljava/lang/String;[BII)Ljava/lang/Class; name or signature does not match> (0x00000000d5c07cc0) thrown at [C:\re\workspace\8-2-build-windows-amd64-cygwin\jdk8u101\7261\hotspot\sîËï£¤?
Event: 0.039 Thread 0x0000000002652800 Exception <a 'java/lang/NoSuchMethodError': Method sun.misc.Unsafe.prefetchRead(Ljava/lang/Object;J)V name or signature does not match> (0x00000000d5c07fa8) thrown at [C:\re\workspace\8-2-build-windows-amd64-cygwin\jdk8u101\7261\hotspot\src\share\vm\prims\äpñwh+Ñ?
Event: 0.268 Thread 0x0000000002652800 Exception <a 'java/security/PrivilegedActionException'> (0x00000000d5c92668) thrown at [C:\re\workspace\8-2-build-windows-amd64-cygwin\jdk8u101\7261\hotspot\src\share\vm\prims\jvm.cpp, line 1386]
Event: 0.268 Thread 0x0000000002652800 Exception <a 'java/security/PrivilegedActionException'> (0x00000000d5c92a60) thrown at [C:\re\workspace\8-2-build-windows-amd64-cygwin\jdk8u101\7261\hotspot\src\share\vm\prims\jvm.cpp, line 1386]
Event: 0.269 Thread 0x0000000002652800 Exception <a 'java/security/PrivilegedActionException'> (0x00000000d5c96890) thrown at [C:\re\workspace\8-2-build-windows-amd64-cygwin\jdk8u101\7261\hotspot\src\share\vm\prims\jvm.cpp, line 1386]
Event: 0.269 Thread 0x0000000002652800 Exception <a 'java/security/PrivilegedActionException'> (0x00000000d5c96c88) thrown at [C:\re\workspace\8-2-build-windows-amd64-cygwin\jdk8u101\7261\hotspot\src\share\vm\prims\jvm.cpp, line 1386]

Events (10 events):
Event: 4.267 Executing VM operation: EnableBiasedLocking
Event: 4.267 Executing VM operation: EnableBiasedLocking done
Event: 994.519 Executing VM operation: ChangeBreakpoints
Event: 994.519 Executing VM operation: ChangeBreakpoints done
Event: 997.768 Executing VM operation: ChangeBreakpoints
Event: 997.768 Executing VM operation: ChangeBreakpoints done
Event: 998.304 Executing VM operation: ChangeBreakpoints
Event: 998.304 Executing VM operation: ChangeBreakpoints done
Event: 1131.380 Executing VM operation: RedefineClasses
Event: 1131.380 Executing VM operation: RedefineClasses done


Dynamic libraries:
0x00007ff6fd940000 - 0x00007ff6fd977000 	C:\Program Files\Java\jre1.8.0_101\bin\javaw.exe
0x00007ffdac1a0000 - 0x00007ffdac371000 	C:\WINDOWS\SYSTEM32\ntdll.dll
0x00007ffdac090000 - 0x00007ffdac13b000 	C:\WINDOWS\System32\KERNEL32.DLL
0x00007ffda88e0000 - 0x00007ffda8afd000 	C:\WINDOWS\System32\KERNELBASE.dll
0x00007ffda9a70000 - 0x00007ffda9b12000 	C:\WINDOWS\System32\ADVAPI32.dll
0x00007ffdaaae0000 - 0x00007ffdaab7e000 	C:\WINDOWS\System32\msvcrt.dll
0x00007ffdaa700000 - 0x00007ffdaa759000 	C:\WINDOWS\System32\sechost.dll
0x00007ffdaa2e0000 - 0x00007ffdaa401000 	C:\WINDOWS\System32\RPCRT4.dll
0x00007ffdaa170000 - 0x00007ffdaa2d5000 	C:\WINDOWS\System32\USER32.dll
0x00007ffda9710000 - 0x00007ffda972e000 	C:\WINDOWS\System32\win32u.dll
0x00007ffdaa570000 - 0x00007ffdaa5a4000 	C:\WINDOWS\System32\GDI32.dll
0x00007ffda8c60000 - 0x00007ffda8de2000 	C:\WINDOWS\System32\gdi32full.dll
0x00007ffd9df90000 - 0x00007ffd9e209000 	C:\WINDOWS\WinSxS\amd64_microsoft.windows.common-controls_6595b64144ccf1df_6.0.14393.0_none_2d0f50fcbdb171b8\COMCTL32.dll
0x00007ffda97a0000 - 0x00007ffda9a67000 	C:\WINDOWS\System32\combase.dll
0x00007ffda8690000 - 0x00007ffda8785000 	C:\WINDOWS\System32\ucrtbase.dll
0x00007ffda94d0000 - 0x00007ffda953a000 	C:\WINDOWS\System32\bcryptPrimitives.dll
0x00007ffdaa040000 - 0x00007ffdaa06e000 	C:\WINDOWS\System32\IMM32.DLL
0x0000000050790000 - 0x0000000050862000 	C:\Program Files\Java\jre1.8.0_101\bin\msvcr100.dll
0x0000000077760000 - 0x0000000077ffa000 	C:\Program Files\Java\jre1.8.0_101\bin\server\jvm.dll
0x00007ffdaaa70000 - 0x00007ffdaaa78000 	C:\WINDOWS\System32\PSAPI.DLL
0x00007ffda5050000 - 0x00007ffda5059000 	C:\WINDOWS\SYSTEM32\WSOCK32.dll
0x00007ffdaaa00000 - 0x00007ffdaaa6a000 	C:\WINDOWS\System32\WS2_32.dll
0x00007ffda67e0000 - 0x00007ffda6803000 	C:\WINDOWS\SYSTEM32\WINMM.dll
0x00007ffd9cce0000 - 0x00007ffd9ccea000 	C:\WINDOWS\SYSTEM32\VERSION.dll
0x00007ffda67b0000 - 0x00007ffda67db000 	C:\WINDOWS\SYSTEM32\WINMMBASE.dll
0x00007ffda87f0000 - 0x00007ffda8832000 	C:\WINDOWS\System32\cfgmgr32.dll
0x0000000050940000 - 0x000000005094f000 	C:\Program Files\Java\jre1.8.0_101\bin\verify.dll
0x0000000050910000 - 0x0000000050939000 	C:\Program Files\Java\jre1.8.0_101\bin\java.dll
0x0000000050750000 - 0x0000000050785000 	C:\Program Files\Java\jre1.8.0_101\bin\jdwp.dll
0x0000000050740000 - 0x0000000050748000 	C:\Program Files\Java\jre1.8.0_101\bin\npt.dll
0x00000000508f0000 - 0x0000000050906000 	C:\Program Files\Java\jre1.8.0_101\bin\zip.dll
0x00007ffdaab80000 - 0x00007ffdac088000 	C:\WINDOWS\System32\SHELL32.dll
0x00007ffda8df0000 - 0x00007ffda94ca000 	C:\WINDOWS\System32\windows.storage.dll
0x00007ffda8610000 - 0x00007ffda865c000 	C:\WINDOWS\System32\powrprof.dll
0x00007ffdac140000 - 0x00007ffdac192000 	C:\WINDOWS\System32\shlwapi.dll
0x00007ffda8600000 - 0x00007ffda860f000 	C:\WINDOWS\System32\kernel.appcore.dll
0x00007ffda8bb0000 - 0x00007ffda8c59000 	C:\WINDOWS\System32\shcore.dll
0x00007ffda8660000 - 0x00007ffda8674000 	C:\WINDOWS\System32\profapi.dll
0x0000000050730000 - 0x0000000050739000 	C:\Program Files\Java\jre1.8.0_101\bin\dt_socket.dll
0x00007ffd987e0000 - 0x00007ffd987f6000 	C:\WINDOWS\system32\napinsp.dll
0x00007ffda5a10000 - 0x00007ffda5a2a000 	C:\WINDOWS\system32\pnrpnsp.dll
0x00007ffda2770000 - 0x00007ffda2788000 	C:\WINDOWS\system32\NLAapi.dll
0x00007ffda7c70000 - 0x00007ffda7ccc000 	C:\WINDOWS\System32\mswsock.dll
0x00007ffda7a70000 - 0x00007ffda7b10000 	C:\WINDOWS\SYSTEM32\DNSAPI.dll
0x00007ffdaa030000 - 0x00007ffdaa038000 	C:\WINDOWS\System32\NSI.dll
0x00007ffda7a20000 - 0x00007ffda7a58000 	C:\WINDOWS\SYSTEM32\IPHLPAPI.DLL
0x00007ffda5980000 - 0x00007ffda598e000 	C:\WINDOWS\System32\winrnr.dll
0x00007ffd9dc10000 - 0x00007ffd9dc7a000 	C:\WINDOWS\System32\fwpuclnt.dll
0x00007ffda8540000 - 0x00007ffda856b000 	C:\WINDOWS\SYSTEM32\bcrypt.dll
0x00007ffd9c280000 - 0x00007ffd9c28a000 	C:\Windows\System32\rasadhlp.dll
0x00007ffda0160000 - 0x00007ffda02f2000 	C:\WINDOWS\SYSTEM32\dbghelp.dll

VM Arguments:
jvm_args: -agentlib:jdwp=transport=dt_socket,suspend=y,address=localhost:10698 -Dfile.encoding=Cp1252 
java_command: jogoDasPalavrasEmbaralhadas.UI.Principal
java_class_path (initial): C:\Users\Odair\workspace\JogoDasPalavrasEmbaralhadas\bin
Launcher Type: SUN_STANDARD

Environment Variables:
JAVA_HOME=C:\Program Files\Java\jdk1.7.0_79
PATH=C:/Program Files/Java/jre1.8.0_101/bin/server;C:/Program Files/Java/jre1.8.0_101/bin;C:/Program Files/Java/jre1.8.0_101/lib/amd64;C:\ProgramData\Oracle\Java\javapath;C:\Program Files (x86)\Intel\iCLS Client\;C:\Program Files\Intel\iCLS Client\;C:\WINDOWS\system32;C:\WINDOWS;C:\WINDOWS\System32\Wbem;C:\WINDOWS\System32\WindowsPowerShell\v1.0\;C:\Program Files\Intel\Intel(R) Management Engine Components\DAL;C:\Program Files (x86)\Intel\Intel(R) Management Engine Components\DAL;C:\Program Files\Intel\Intel(R) Management Engine Components\IPT;C:\Program Files (x86)\Intel\Intel(R) Management Engine Components\IPT;c:\Program Files (x86)\ATI Technologies\ATI.ACE\Core-Static;C:\Users\Odair\.dnx\bin;C:\Program Files\Microsoft DNX\Dnvm\;c:\Program Files\Microsoft SQL Server\110\Tools\Binn\;c:\Program Files (x86)\Microsoft SQL Server\110\Tools\Binn\;c:\Program Files\Microsoft SQL Server\110\DTS\Binn\;c:\Program Files (x86)\Microsoft SQL Server\110\Tools\Binn\ManagementStudio\;c:\Program Files (x86)\Microsoft SQL Server\110\DTS\Binn\;C:\Program Files\Intel\WiFi\bin\;C:\Program Files\Common Files\Intel\WirelessCommon\;C:\Program Files (x86)\ATI Technologies\ATI.ACE\Core-Static;C:\Program Files (x86)\Windows Kits\8.1\Windows Performance Toolkit\;C:\Program Files\Calibre2\;C:\Program Files\SafeNet\Authentication\SAC\x32;C:\Program Files\SafeNet\Authentication\SAC\x64;C:\Program Files (x86)\MySQL\MySQL Fabric 1.5 & MySQL Utilities 1.5\;C:\Program Files (x86)\MySQL\MySQL Fabric 1.5 & MySQL Utilities 1.5\Doctrine extensions for PHP\;C:\Users\Odair\AppData\Local\Microsoft\WindowsApps;;C:\Users\Odair\eclipse\java-neon\eclipse;
USERNAME=Odair
OS=Windows_NT
PROCESSOR_IDENTIFIER=Intel64 Family 6 Model 61 Stepping 4, GenuineIntel



---------------  S Y S T E M  ---------------

OS: Windows 10.0 , 64 bit Build 14393 (10.0.14393.0)

CPU:total 4 (2 cores per cpu, 2 threads per core) family 6 model 61 stepping 4, cmov, cx8, fxsr, mmx, sse, sse2, sse3, ssse3, sse4.1, sse4.2, popcnt, avx, avx2, aes, clmul, erms, 3dnowpref, lzcnt, ht, tsc, tscinvbit, bmi1, bmi2, adx

Memory: 4k page, physical 8301008k(3336768k free), swap 12516168k(2629144k free)

vm_info: Java HotSpot(TM) 64-Bit Server VM (25.101-b13) for windows-amd64 JRE (1.8.0_101-b13), built on Jun 22 2016 01:21:29 by "java_re" with MS VC++ 10.0 (VS2010)

time: Tue Sep 20 10:26:40 2016
elapsed time: 1131 seconds (0d 0h 18m 51s)

